<?xml version="1.0" encoding="UTF-8" ?>
<testsuite tests="1" failures="1" name="com.hojjatgroup.AppTest" time="0.016" errors="0" skipped="0">
  <properties>
[...]
</properties>
  <testcase classname="com.hojjatgroup.AppTest" name="testObject" time="0.016">
    <failure message="not true!" type="junit.framework.AssertionFailedError">junit.framework.AssertionFailedError: not true!
	at junit.framework.Assert.fail(Assert.java:47)
	at junit.framework.Assert.assertTrue(Assert.java:20)
	at com.hojjatgroup.AppTest.testObject(AppTest.java:14)
</failure>
  </testcase>
</testsuite>